<?xml version="1.0" encoding="UTF-8"?>
<!-- Generated by org.testng.reporters.JUnitReportReporter -->
<testsuite hostname="GQC-Pallavi" name="Scripts.GoogleScript" tests="1" failures="0" timestamp="29 Dec 2014 07:30:02 GMT" time="0.020" errors="0">
  <testcase name="MyGoogleDemo" time="0.020" classname="Scripts.GoogleScript"/>
</testsuite> <!-- Scripts.GoogleScript -->
