<?xml version="1.0" encoding="UTF-8"?>
<!-- Generated by org.testng.reporters.JUnitReportReporter -->
<testsuite hostname="GQC-Pallavi" name="Scripts.GoogleTest" tests="1" failures="0" timestamp="29 Dec 2014 12:23:41 GMT" time="0.001" errors="0">
  <testcase name="MyGoogleDemo" time="0.001" classname="Scripts.GoogleTest"/>
</testsuite> <!-- Scripts.GoogleTest -->
