<?xml version="1.0" encoding="UTF-8"?>
<!-- Generated by org.testng.reporters.JUnitReportReporter -->
<testsuite hostname="GQC-Pallavi" name="Scripts.GoogleScript" tests="1" failures="0" timestamp="22 Dec 2014 07:26:52 GMT" time="9.675" errors="0">
  <testcase name="MyFirstDemo" time="9.675" classname="Scripts.GoogleScript"/>
</testsuite> <!-- Scripts.GoogleScript -->
