<?xml version="1.0" encoding="UTF-8"?>
<!-- Generated by org.testng.reporters.JUnitReportReporter -->
<testsuite hostname="GQC-Pallavi" name="Scripts.GoogleTest" tests="2" failures="0" timestamp="30 Dec 2014 04:59:59 GMT" time="0.000" errors="0">
  <testcase name="MyGoogleDemo" time="0.000" classname="Scripts.GoogleTest"/>
  <testcase name="MyYahooDemo" time="0.000" classname="Scripts.GoogleTest"/>
</testsuite>
