<?xml version="1.0" encoding="UTF-8"?>
<!-- Generated by org.testng.reporters.JUnitReportReporter -->
<testsuite hostname="GQC-Pallavi" name="Scripts.GoogleScript" tests="1" failures="0" timestamp="22 Dec 2014 07:24:07 GMT" time="9.763" errors="0">
  <testcase name="MyFirstDemo" time="9.763" classname="Scripts.GoogleScript"/>
</testsuite>
