<?xml version="1.0" encoding="UTF-8"?>
<!-- Generated by org.testng.reporters.JUnitReportReporter -->
<testsuite hostname="GQC-Pallavi" name="Scripts.TestClass" tests="2" failures="0" timestamp="24 Dec 2014 10:33:16 GMT" time="0.005" errors="0">
  <testcase name="SampleOne" time="0.004" classname="Scripts.TestClass"/>
  <testcase name="SampleTest" time="0.001" classname="Scripts.TestClass"/>
</testsuite>
